2020-09-04 12:04:40.208  [http-nio-8080-exec-9] DEBUG o.s.security.web.FilterChainProxy - /smartCarLogin at position 1 of 12 in additional filter chain; firing Filter: 'WebAsyncManagerIntegrationFilter' 
2020-09-04 12:04:40.273  [http-nio-8080-exec-9] DEBUG o.s.security.web.FilterChainProxy - /smartCarLogin at position 2 of 12 in additional filter chain; firing Filter: 'SecurityContextPersistenceFilter' 
2020-09-04 12:04:40.273  [http-nio-8080-exec-9] DEBUG o.s.security.web.FilterChainProxy - /smartCarLogin at position 3 of 12 in additional filter chain; firing Filter: 'HeaderWriterFilter' 
2020-09-04 12:04:40.273  [http-nio-8080-exec-9] DEBUG o.s.security.web.FilterChainProxy - /smartCarLogin at position 4 of 12 in additional filter chain; firing Filter: 'CorsFilter' 
2020-09-04 12:04:40.282  [http-nio-8080-exec-9] DEBUG o.s.security.web.FilterChainProxy - /smartCarLogin at position 5 of 12 in additional filter chain; firing Filter: 'LogoutFilter' 
2020-09-04 12:04:40.284  [http-nio-8080-exec-9] DEBUG o.s.s.w.u.matcher.OrRequestMatcher - Trying to match using Ant [pattern='/logout', GET] 
2020-09-04 12:04:40.284  [http-nio-8080-exec-9] DEBUG o.s.s.w.u.m.AntPathRequestMatcher - Checking match of request : '/smartCarLogin'; against '/logout' 
2020-09-04 12:04:40.285  [http-nio-8080-exec-9] DEBUG o.s.s.w.u.matcher.OrRequestMatcher - Trying to match using Ant [pattern='/logout', POST] 
2020-09-04 12:04:40.285  [http-nio-8080-exec-9] DEBUG o.s.s.w.u.m.AntPathRequestMatcher - Request 'GET /smartCarLogin' doesn't match 'POST /logout' 
2020-09-04 12:04:40.286  [http-nio-8080-exec-9] DEBUG o.s.s.w.u.matcher.OrRequestMatcher - Trying to match using Ant [pattern='/logout', PUT] 
2020-09-04 12:04:40.286  [http-nio-8080-exec-9] DEBUG o.s.s.w.u.m.AntPathRequestMatcher - Request 'GET /smartCarLogin' doesn't match 'PUT /logout' 
2020-09-04 12:04:40.286  [http-nio-8080-exec-9] DEBUG o.s.s.w.u.matcher.OrRequestMatcher - Trying to match using Ant [pattern='/logout', DELETE] 
2020-09-04 12:04:40.286  [http-nio-8080-exec-9] DEBUG o.s.s.w.u.m.AntPathRequestMatcher - Request 'GET /smartCarLogin' doesn't match 'DELETE /logout' 
2020-09-04 12:04:40.287  [http-nio-8080-exec-9] DEBUG o.s.s.w.u.matcher.OrRequestMatcher - No matches found 
2020-09-04 12:04:40.287  [http-nio-8080-exec-9] DEBUG o.s.security.web.FilterChainProxy - /smartCarLogin at position 6 of 12 in additional filter chain; firing Filter: 'JwtAuthFilter' 
2020-09-04 12:04:40.287  [http-nio-8080-exec-9] WARN  com.sm.client.conf.JwtAuthFilter - JWT Token does not begin with Bearer String 
2020-09-04 12:04:40.287  [http-nio-8080-exec-9] DEBUG o.s.security.web.FilterChainProxy - /smartCarLogin at position 7 of 12 in additional filter chain; firing Filter: 'RequestCacheAwareFilter' 
2020-09-04 12:04:40.287  [http-nio-8080-exec-9] DEBUG o.s.security.web.FilterChainProxy - /smartCarLogin at position 8 of 12 in additional filter chain; firing Filter: 'SecurityContextHolderAwareRequestFilter' 
2020-09-04 12:04:40.287  [http-nio-8080-exec-9] DEBUG o.s.security.web.FilterChainProxy - /smartCarLogin at position 9 of 12 in additional filter chain; firing Filter: 'AnonymousAuthenticationFilter' 
2020-09-04 12:04:40.290  [http-nio-8080-exec-9] DEBUG o.s.s.w.a.AnonymousAuthenticationFilter - Populated SecurityContextHolder with anonymous token: 'org.springframework.security.authentication.AnonymousAuthenticationToken@609005ed: Principal: anonymousUser; Credentials: [PROTECTED]; Authenticated: true; Details: org.springframework.security.web.authentication.WebAuthenticationDetails@b364: RemoteIpAddress: 0:0:0:0:0:0:0:1; SessionId: null; Granted Authorities: ROLE_ANONYMOUS' 
2020-09-04 12:04:40.290  [http-nio-8080-exec-9] DEBUG o.s.security.web.FilterChainProxy - /smartCarLogin at position 10 of 12 in additional filter chain; firing Filter: 'SessionManagementFilter' 
2020-09-04 12:04:40.295  [http-nio-8080-exec-9] DEBUG o.s.security.web.FilterChainProxy - /smartCarLogin at position 11 of 12 in additional filter chain; firing Filter: 'ExceptionTranslationFilter' 
2020-09-04 12:04:40.296  [http-nio-8080-exec-9] DEBUG o.s.security.web.FilterChainProxy - /smartCarLogin at position 12 of 12 in additional filter chain; firing Filter: 'FilterSecurityInterceptor' 
2020-09-04 12:04:40.296  [http-nio-8080-exec-9] DEBUG o.s.s.w.u.m.AntPathRequestMatcher - Checking match of request : '/smartCarLogin'; against '/v2/api-docs' 
2020-09-04 12:04:40.296  [http-nio-8080-exec-9] DEBUG o.s.s.w.u.m.AntPathRequestMatcher - Checking match of request : '/smartCarLogin'; against '/configuration/ui' 
2020-09-04 12:04:40.296  [http-nio-8080-exec-9] DEBUG o.s.s.w.u.m.AntPathRequestMatcher - Checking match of request : '/smartCarLogin'; against '/swagger-resources/**' 
2020-09-04 12:04:40.297  [http-nio-8080-exec-9] DEBUG o.s.s.w.u.m.AntPathRequestMatcher - Checking match of request : '/smartCarLogin'; against '/configuration/security' 
2020-09-04 12:04:40.297  [http-nio-8080-exec-9] DEBUG o.s.s.w.u.m.AntPathRequestMatcher - Checking match of request : '/smartCarLogin'; against '/swagger-ui.html' 
2020-09-04 12:04:40.297  [http-nio-8080-exec-9] DEBUG o.s.s.w.u.m.AntPathRequestMatcher - Checking match of request : '/smartCarLogin'; against '/webjars/**' 
2020-09-04 12:04:40.297  [http-nio-8080-exec-9] DEBUG o.s.s.w.u.m.AntPathRequestMatcher - Checking match of request : '/smartCarLogin'; against '/smartCarToken' 
2020-09-04 12:04:40.297  [http-nio-8080-exec-9] DEBUG o.s.s.w.u.m.AntPathRequestMatcher - Checking match of request : '/smartCarLogin'; against '/signup' 
2020-09-04 12:04:40.297  [http-nio-8080-exec-9] DEBUG o.s.s.w.u.m.AntPathRequestMatcher - Checking match of request : '/smartCarLogin'; against '/authenticate' 
2020-09-04 12:04:40.297  [http-nio-8080-exec-9] DEBUG o.s.s.w.u.m.AntPathRequestMatcher - Checking match of request : '/smartCarLogin'; against '/smartCarLogin' 
2020-09-04 12:04:40.298  [http-nio-8080-exec-9] DEBUG o.s.s.w.a.i.FilterSecurityInterceptor - Secure object: FilterInvocation: URL: /smartCarLogin; Attributes: [permitAll] 
2020-09-04 12:04:40.299  [http-nio-8080-exec-9] DEBUG o.s.s.w.a.i.FilterSecurityInterceptor - Previously Authenticated: org.springframework.security.authentication.AnonymousAuthenticationToken@609005ed: Principal: anonymousUser; Credentials: [PROTECTED]; Authenticated: true; Details: org.springframework.security.web.authentication.WebAuthenticationDetails@b364: RemoteIpAddress: 0:0:0:0:0:0:0:1; SessionId: null; Granted Authorities: ROLE_ANONYMOUS 
2020-09-04 12:04:40.306  [http-nio-8080-exec-9] DEBUG o.s.s.access.vote.AffirmativeBased - Voter: org.springframework.security.web.access.expression.WebExpressionVoter@751af47f, returned: 1 
2020-09-04 12:04:40.307  [http-nio-8080-exec-9] DEBUG o.s.s.w.a.i.FilterSecurityInterceptor - Authorization successful 
2020-09-04 12:04:40.307  [http-nio-8080-exec-9] DEBUG o.s.s.w.a.i.FilterSecurityInterceptor - RunAsManager did not change Authentication object 
2020-09-04 12:04:40.307  [http-nio-8080-exec-9] DEBUG o.s.security.web.FilterChainProxy - /smartCarLogin reached end of additional filter chain; proceeding with original chain 
2020-09-04 12:04:40.311  [http-nio-8080-exec-9] DEBUG o.s.web.servlet.DispatcherServlet - GET "/smartCarLogin", parameters={} 
2020-09-04 12:04:40.313  [http-nio-8080-exec-9] DEBUG s.d.s.w.PropertySourcedRequestMappingHandlerMapping - looking up handler for path: /smartCarLogin 
2020-09-04 12:04:40.336  [http-nio-8080-exec-9] DEBUG o.s.w.s.m.m.a.RequestMappingHandlerMapping - Mapped to com.sm.client.mvc.auth.SmartCarAuthController#login(HttpServletRequest, HttpServletResponse) 
2020-09-04 12:04:40.337  [http-nio-8080-exec-9] DEBUG o.s.o.j.s.OpenEntityManagerInViewInterceptor - Opening JPA EntityManager in OpenEntityManagerInViewInterceptor 
2020-09-04 12:04:40.348  [http-nio-8080-exec-9] INFO  c.s.c.m.auth.SmartCarAuthController - ----------------------call /login ------------------- 
2020-09-04 12:04:40.360  [http-nio-8080-exec-9] DEBUG o.s.w.s.m.m.a.RequestResponseBodyMethodProcessor - Using 'application/json;q=0.8', given [text/html, application/xhtml+xml, image/avif, image/webp, image/apng, application/xml;q=0.9, application/signed-exchange;v=b3;q=0.9, */*;q=0.8] and supported [application/json] 
2020-09-04 12:04:40.364  [http-nio-8080-exec-9] DEBUG o.s.w.s.m.m.a.RequestResponseBodyMethodProcessor - Writing ["ok"] 
2020-09-04 12:04:40.370  [http-nio-8080-exec-9] DEBUG o.s.s.w.h.writers.HstsHeaderWriter - Not injecting HSTS header since it did not match the requestMatcher org.springframework.security.web.header.writers.HstsHeaderWriter$SecureRequestMatcher@35db489e 
2020-09-04 12:04:40.373  [http-nio-8080-exec-9] DEBUG o.s.o.j.s.OpenEntityManagerInViewInterceptor - Closing JPA EntityManager in OpenEntityManagerInViewInterceptor 
2020-09-04 12:04:40.376  [http-nio-8080-exec-9] DEBUG o.s.web.servlet.DispatcherServlet - Completed 301 MOVED_PERMANENTLY 
2020-09-04 12:04:40.412  [http-nio-8080-exec-9] DEBUG o.s.s.w.a.ExceptionTranslationFilter - Chain processed normally 
2020-09-04 12:04:40.412  [http-nio-8080-exec-9] DEBUG o.s.s.w.c.SecurityContextPersistenceFilter - SecurityContextHolder now cleared, as request processing completed 
2020-09-04 12:13:46.359  [http-nio-8080-exec-10] DEBUG o.s.security.web.FilterChainProxy - /smartCarLogin at position 1 of 12 in additional filter chain; firing Filter: 'WebAsyncManagerIntegrationFilter' 
2020-09-04 12:13:46.363  [http-nio-8080-exec-10] DEBUG o.s.security.web.FilterChainProxy - /smartCarLogin at position 2 of 12 in additional filter chain; firing Filter: 'SecurityContextPersistenceFilter' 
2020-09-04 12:13:46.363  [http-nio-8080-exec-10] DEBUG o.s.security.web.FilterChainProxy - /smartCarLogin at position 3 of 12 in additional filter chain; firing Filter: 'HeaderWriterFilter' 
2020-09-04 12:13:46.363  [http-nio-8080-exec-10] DEBUG o.s.security.web.FilterChainProxy - /smartCarLogin at position 4 of 12 in additional filter chain; firing Filter: 'CorsFilter' 
2020-09-04 12:13:46.363  [http-nio-8080-exec-10] DEBUG o.s.security.web.FilterChainProxy - /smartCarLogin at position 5 of 12 in additional filter chain; firing Filter: 'LogoutFilter' 
2020-09-04 12:13:46.363  [http-nio-8080-exec-10] DEBUG o.s.s.w.u.matcher.OrRequestMatcher - Trying to match using Ant [pattern='/logout', GET] 
2020-09-04 12:13:46.363  [http-nio-8080-exec-10] DEBUG o.s.s.w.u.m.AntPathRequestMatcher - Checking match of request : '/smartCarLogin'; against '/logout' 
2020-09-04 12:13:46.363  [http-nio-8080-exec-10] DEBUG o.s.s.w.u.matcher.OrRequestMatcher - Trying to match using Ant [pattern='/logout', POST] 
2020-09-04 12:13:46.363  [http-nio-8080-exec-10] DEBUG o.s.s.w.u.m.AntPathRequestMatcher - Request 'GET /smartCarLogin' doesn't match 'POST /logout' 
2020-09-04 12:13:46.363  [http-nio-8080-exec-10] DEBUG o.s.s.w.u.matcher.OrRequestMatcher - Trying to match using Ant [pattern='/logout', PUT] 
2020-09-04 12:13:46.363  [http-nio-8080-exec-10] DEBUG o.s.s.w.u.m.AntPathRequestMatcher - Request 'GET /smartCarLogin' doesn't match 'PUT /logout' 
2020-09-04 12:13:46.363  [http-nio-8080-exec-10] DEBUG o.s.s.w.u.matcher.OrRequestMatcher - Trying to match using Ant [pattern='/logout', DELETE] 
2020-09-04 12:13:46.363  [http-nio-8080-exec-10] DEBUG o.s.s.w.u.m.AntPathRequestMatcher - Request 'GET /smartCarLogin' doesn't match 'DELETE /logout' 
2020-09-04 12:13:46.363  [http-nio-8080-exec-10] DEBUG o.s.s.w.u.matcher.OrRequestMatcher - No matches found 
2020-09-04 12:13:46.363  [http-nio-8080-exec-10] DEBUG o.s.security.web.FilterChainProxy - /smartCarLogin at position 6 of 12 in additional filter chain; firing Filter: 'JwtAuthFilter' 
2020-09-04 12:13:46.363  [http-nio-8080-exec-10] WARN  com.sm.client.conf.JwtAuthFilter - JWT Token does not begin with Bearer String 
2020-09-04 12:13:46.363  [http-nio-8080-exec-10] DEBUG o.s.security.web.FilterChainProxy - /smartCarLogin at position 7 of 12 in additional filter chain; firing Filter: 'RequestCacheAwareFilter' 
2020-09-04 12:13:46.363  [http-nio-8080-exec-10] DEBUG o.s.security.web.FilterChainProxy - /smartCarLogin at position 8 of 12 in additional filter chain; firing Filter: 'SecurityContextHolderAwareRequestFilter' 
2020-09-04 12:13:46.363  [http-nio-8080-exec-10] DEBUG o.s.security.web.FilterChainProxy - /smartCarLogin at position 9 of 12 in additional filter chain; firing Filter: 'AnonymousAuthenticationFilter' 
2020-09-04 12:13:46.369  [http-nio-8080-exec-10] DEBUG o.s.s.w.a.AnonymousAuthenticationFilter - Populated SecurityContextHolder with anonymous token: 'org.springframework.security.authentication.AnonymousAuthenticationToken@609005ed: Principal: anonymousUser; Credentials: [PROTECTED]; Authenticated: true; Details: org.springframework.security.web.authentication.WebAuthenticationDetails@b364: RemoteIpAddress: 0:0:0:0:0:0:0:1; SessionId: null; Granted Authorities: ROLE_ANONYMOUS' 
2020-09-04 12:13:46.369  [http-nio-8080-exec-10] DEBUG o.s.security.web.FilterChainProxy - /smartCarLogin at position 10 of 12 in additional filter chain; firing Filter: 'SessionManagementFilter' 
2020-09-04 12:13:46.369  [http-nio-8080-exec-10] DEBUG o.s.security.web.FilterChainProxy - /smartCarLogin at position 11 of 12 in additional filter chain; firing Filter: 'ExceptionTranslationFilter' 
2020-09-04 12:13:46.369  [http-nio-8080-exec-10] DEBUG o.s.security.web.FilterChainProxy - /smartCarLogin at position 12 of 12 in additional filter chain; firing Filter: 'FilterSecurityInterceptor' 
2020-09-04 12:13:46.370  [http-nio-8080-exec-10] DEBUG o.s.s.w.u.m.AntPathRequestMatcher - Checking match of request : '/smartCarLogin'; against '/v2/api-docs' 
2020-09-04 12:13:46.370  [http-nio-8080-exec-10] DEBUG o.s.s.w.u.m.AntPathRequestMatcher - Checking match of request : '/smartCarLogin'; against '/configuration/ui' 
2020-09-04 12:13:46.371  [http-nio-8080-exec-10] DEBUG o.s.s.w.u.m.AntPathRequestMatcher - Checking match of request : '/smartCarLogin'; against '/swagger-resources/**' 
2020-09-04 12:13:46.371  [http-nio-8080-exec-10] DEBUG o.s.s.w.u.m.AntPathRequestMatcher - Checking match of request : '/smartCarLogin'; against '/configuration/security' 
2020-09-04 12:13:46.371  [http-nio-8080-exec-10] DEBUG o.s.s.w.u.m.AntPathRequestMatcher - Checking match of request : '/smartCarLogin'; against '/swagger-ui.html' 
2020-09-04 12:13:46.372  [http-nio-8080-exec-10] DEBUG o.s.s.w.u.m.AntPathRequestMatcher - Checking match of request : '/smartCarLogin'; against '/webjars/**' 
2020-09-04 12:13:46.372  [http-nio-8080-exec-10] DEBUG o.s.s.w.u.m.AntPathRequestMatcher - Checking match of request : '/smartCarLogin'; against '/smartCarToken' 
2020-09-04 12:13:46.372  [http-nio-8080-exec-10] DEBUG o.s.s.w.u.m.AntPathRequestMatcher - Checking match of request : '/smartCarLogin'; against '/signup' 
2020-09-04 12:13:46.372  [http-nio-8080-exec-10] DEBUG o.s.s.w.u.m.AntPathRequestMatcher - Checking match of request : '/smartCarLogin'; against '/authenticate' 
2020-09-04 12:13:46.372  [http-nio-8080-exec-10] DEBUG o.s.s.w.u.m.AntPathRequestMatcher - Checking match of request : '/smartCarLogin'; against '/smartCarLogin' 
2020-09-04 12:13:46.372  [http-nio-8080-exec-10] DEBUG o.s.s.w.a.i.FilterSecurityInterceptor - Secure object: FilterInvocation: URL: /smartCarLogin; Attributes: [permitAll] 
2020-09-04 12:13:46.373  [http-nio-8080-exec-10] DEBUG o.s.s.w.a.i.FilterSecurityInterceptor - Previously Authenticated: org.springframework.security.authentication.AnonymousAuthenticationToken@609005ed: Principal: anonymousUser; Credentials: [PROTECTED]; Authenticated: true; Details: org.springframework.security.web.authentication.WebAuthenticationDetails@b364: RemoteIpAddress: 0:0:0:0:0:0:0:1; SessionId: null; Granted Authorities: ROLE_ANONYMOUS 
2020-09-04 12:13:46.374  [http-nio-8080-exec-10] DEBUG o.s.s.access.vote.AffirmativeBased - Voter: org.springframework.security.web.access.expression.WebExpressionVoter@751af47f, returned: 1 
2020-09-04 12:13:46.374  [http-nio-8080-exec-10] DEBUG o.s.s.w.a.i.FilterSecurityInterceptor - Authorization successful 
2020-09-04 12:13:46.374  [http-nio-8080-exec-10] DEBUG o.s.s.w.a.i.FilterSecurityInterceptor - RunAsManager did not change Authentication object 
2020-09-04 12:13:46.374  [http-nio-8080-exec-10] DEBUG o.s.security.web.FilterChainProxy - /smartCarLogin reached end of additional filter chain; proceeding with original chain 
2020-09-04 12:13:46.383  [http-nio-8080-exec-10] DEBUG o.s.web.servlet.DispatcherServlet - GET "/smartCarLogin", parameters={} 
2020-09-04 12:13:46.383  [http-nio-8080-exec-10] DEBUG s.d.s.w.PropertySourcedRequestMappingHandlerMapping - looking up handler for path: /smartCarLogin 
2020-09-04 12:13:46.384  [http-nio-8080-exec-10] DEBUG o.s.w.s.m.m.a.RequestMappingHandlerMapping - Mapped to com.sm.client.mvc.auth.SmartCarAuthController#login(HttpServletRequest, HttpServletResponse) 
2020-09-04 12:13:46.384  [http-nio-8080-exec-10] DEBUG o.s.o.j.s.OpenEntityManagerInViewInterceptor - Opening JPA EntityManager in OpenEntityManagerInViewInterceptor 
2020-09-04 12:13:46.384  [http-nio-8080-exec-10] INFO  c.s.c.m.auth.SmartCarAuthController - ----------------------call /login ------------------- 
2020-09-04 12:13:46.390  [http-nio-8080-exec-10] DEBUG o.s.w.s.m.m.a.RequestResponseBodyMethodProcessor - Using 'application/json;q=0.8', given [text/html, application/xhtml+xml, image/avif, image/webp, image/apng, application/xml;q=0.9, application/signed-exchange;v=b3;q=0.9, */*;q=0.8] and supported [application/json] 
2020-09-04 12:13:46.390  [http-nio-8080-exec-10] DEBUG o.s.w.s.m.m.a.RequestResponseBodyMethodProcessor - Writing ["ok"] 
2020-09-04 12:13:46.391  [http-nio-8080-exec-10] DEBUG o.s.s.w.h.writers.HstsHeaderWriter - Not injecting HSTS header since it did not match the requestMatcher org.springframework.security.web.header.writers.HstsHeaderWriter$SecureRequestMatcher@35db489e 
2020-09-04 12:13:46.392  [http-nio-8080-exec-10] DEBUG o.s.o.j.s.OpenEntityManagerInViewInterceptor - Closing JPA EntityManager in OpenEntityManagerInViewInterceptor 
2020-09-04 12:13:46.392  [http-nio-8080-exec-10] DEBUG o.s.web.servlet.DispatcherServlet - Completed 301 MOVED_PERMANENTLY 
2020-09-04 12:13:46.444  [http-nio-8080-exec-10] DEBUG o.s.s.w.a.ExceptionTranslationFilter - Chain processed normally 
2020-09-04 12:13:46.444  [http-nio-8080-exec-10] DEBUG o.s.s.w.c.SecurityContextPersistenceFilter - SecurityContextHolder now cleared, as request processing completed 
2020-09-04 12:21:58.866  [http-nio-8080-exec-6] DEBUG o.s.security.web.FilterChainProxy - /smartCarLogin at position 1 of 12 in additional filter chain; firing Filter: 'WebAsyncManagerIntegrationFilter' 
2020-09-04 12:21:58.867  [http-nio-8080-exec-6] DEBUG o.s.security.web.FilterChainProxy - /smartCarLogin at position 2 of 12 in additional filter chain; firing Filter: 'SecurityContextPersistenceFilter' 
2020-09-04 12:21:58.867  [http-nio-8080-exec-6] DEBUG o.s.security.web.FilterChainProxy - /smartCarLogin at position 3 of 12 in additional filter chain; firing Filter: 'HeaderWriterFilter' 
2020-09-04 12:21:58.867  [http-nio-8080-exec-6] DEBUG o.s.security.web.FilterChainProxy - /smartCarLogin at position 4 of 12 in additional filter chain; firing Filter: 'CorsFilter' 
2020-09-04 12:21:58.867  [http-nio-8080-exec-6] DEBUG o.s.security.web.FilterChainProxy - /smartCarLogin at position 5 of 12 in additional filter chain; firing Filter: 'LogoutFilter' 
2020-09-04 12:21:58.868  [http-nio-8080-exec-6] DEBUG o.s.s.w.u.matcher.OrRequestMatcher - Trying to match using Ant [pattern='/logout', GET] 
2020-09-04 12:21:58.868  [http-nio-8080-exec-6] DEBUG o.s.s.w.u.m.AntPathRequestMatcher - Checking match of request : '/smartCarLogin'; against '/logout' 
2020-09-04 12:21:58.868  [http-nio-8080-exec-6] DEBUG o.s.s.w.u.matcher.OrRequestMatcher - Trying to match using Ant [pattern='/logout', POST] 
2020-09-04 12:21:58.868  [http-nio-8080-exec-6] DEBUG o.s.s.w.u.m.AntPathRequestMatcher - Request 'GET /smartCarLogin' doesn't match 'POST /logout' 
2020-09-04 12:21:58.868  [http-nio-8080-exec-6] DEBUG o.s.s.w.u.matcher.OrRequestMatcher - Trying to match using Ant [pattern='/logout', PUT] 
2020-09-04 12:21:58.868  [http-nio-8080-exec-6] DEBUG o.s.s.w.u.m.AntPathRequestMatcher - Request 'GET /smartCarLogin' doesn't match 'PUT /logout' 
2020-09-04 12:21:58.869  [http-nio-8080-exec-6] DEBUG o.s.s.w.u.matcher.OrRequestMatcher - Trying to match using Ant [pattern='/logout', DELETE] 
2020-09-04 12:21:58.869  [http-nio-8080-exec-6] DEBUG o.s.s.w.u.m.AntPathRequestMatcher - Request 'GET /smartCarLogin' doesn't match 'DELETE /logout' 
2020-09-04 12:21:58.869  [http-nio-8080-exec-6] DEBUG o.s.s.w.u.matcher.OrRequestMatcher - No matches found 
2020-09-04 12:21:58.870  [http-nio-8080-exec-6] DEBUG o.s.security.web.FilterChainProxy - /smartCarLogin at position 6 of 12 in additional filter chain; firing Filter: 'JwtAuthFilter' 
2020-09-04 12:21:58.870  [http-nio-8080-exec-6] WARN  com.sm.client.conf.JwtAuthFilter - JWT Token does not begin with Bearer String 
2020-09-04 12:21:58.870  [http-nio-8080-exec-6] DEBUG o.s.security.web.FilterChainProxy - /smartCarLogin at position 7 of 12 in additional filter chain; firing Filter: 'RequestCacheAwareFilter' 
2020-09-04 12:21:58.870  [http-nio-8080-exec-6] DEBUG o.s.security.web.FilterChainProxy - /smartCarLogin at position 8 of 12 in additional filter chain; firing Filter: 'SecurityContextHolderAwareRequestFilter' 
2020-09-04 12:21:58.870  [http-nio-8080-exec-6] DEBUG o.s.security.web.FilterChainProxy - /smartCarLogin at position 9 of 12 in additional filter chain; firing Filter: 'AnonymousAuthenticationFilter' 
2020-09-04 12:21:58.870  [http-nio-8080-exec-6] DEBUG o.s.s.w.a.AnonymousAuthenticationFilter - Populated SecurityContextHolder with anonymous token: 'org.springframework.security.authentication.AnonymousAuthenticationToken@609005ed: Principal: anonymousUser; Credentials: [PROTECTED]; Authenticated: true; Details: org.springframework.security.web.authentication.WebAuthenticationDetails@b364: RemoteIpAddress: 0:0:0:0:0:0:0:1; SessionId: null; Granted Authorities: ROLE_ANONYMOUS' 
2020-09-04 12:21:58.870  [http-nio-8080-exec-6] DEBUG o.s.security.web.FilterChainProxy - /smartCarLogin at position 10 of 12 in additional filter chain; firing Filter: 'SessionManagementFilter' 
2020-09-04 12:21:58.870  [http-nio-8080-exec-6] DEBUG o.s.security.web.FilterChainProxy - /smartCarLogin at position 11 of 12 in additional filter chain; firing Filter: 'ExceptionTranslationFilter' 
2020-09-04 12:21:58.870  [http-nio-8080-exec-6] DEBUG o.s.security.web.FilterChainProxy - /smartCarLogin at position 12 of 12 in additional filter chain; firing Filter: 'FilterSecurityInterceptor' 
2020-09-04 12:21:58.871  [http-nio-8080-exec-6] DEBUG o.s.s.w.u.m.AntPathRequestMatcher - Checking match of request : '/smartCarLogin'; against '/v2/api-docs' 
2020-09-04 12:21:58.871  [http-nio-8080-exec-6] DEBUG o.s.s.w.u.m.AntPathRequestMatcher - Checking match of request : '/smartCarLogin'; against '/configuration/ui' 
2020-09-04 12:21:58.871  [http-nio-8080-exec-6] DEBUG o.s.s.w.u.m.AntPathRequestMatcher - Checking match of request : '/smartCarLogin'; against '/swagger-resources/**' 
2020-09-04 12:21:58.871  [http-nio-8080-exec-6] DEBUG o.s.s.w.u.m.AntPathRequestMatcher - Checking match of request : '/smartCarLogin'; against '/configuration/security' 
2020-09-04 12:21:58.871  [http-nio-8080-exec-6] DEBUG o.s.s.w.u.m.AntPathRequestMatcher - Checking match of request : '/smartCarLogin'; against '/swagger-ui.html' 
2020-09-04 12:21:58.871  [http-nio-8080-exec-6] DEBUG o.s.s.w.u.m.AntPathRequestMatcher - Checking match of request : '/smartCarLogin'; against '/webjars/**' 
2020-09-04 12:21:58.871  [http-nio-8080-exec-6] DEBUG o.s.s.w.u.m.AntPathRequestMatcher - Checking match of request : '/smartCarLogin'; against '/smartCarToken' 
2020-09-04 12:21:58.871  [http-nio-8080-exec-6] DEBUG o.s.s.w.u.m.AntPathRequestMatcher - Checking match of request : '/smartCarLogin'; against '/signup' 
2020-09-04 12:21:58.871  [http-nio-8080-exec-6] DEBUG o.s.s.w.u.m.AntPathRequestMatcher - Checking match of request : '/smartCarLogin'; against '/authenticate' 
2020-09-04 12:21:58.871  [http-nio-8080-exec-6] DEBUG o.s.s.w.u.m.AntPathRequestMatcher - Checking match of request : '/smartCarLogin'; against '/smartCarLogin' 
2020-09-04 12:21:58.871  [http-nio-8080-exec-6] DEBUG o.s.s.w.a.i.FilterSecurityInterceptor - Secure object: FilterInvocation: URL: /smartCarLogin; Attributes: [permitAll] 
2020-09-04 12:21:58.871  [http-nio-8080-exec-6] DEBUG o.s.s.w.a.i.FilterSecurityInterceptor - Previously Authenticated: org.springframework.security.authentication.AnonymousAuthenticationToken@609005ed: Principal: anonymousUser; Credentials: [PROTECTED]; Authenticated: true; Details: org.springframework.security.web.authentication.WebAuthenticationDetails@b364: RemoteIpAddress: 0:0:0:0:0:0:0:1; SessionId: null; Granted Authorities: ROLE_ANONYMOUS 
2020-09-04 12:21:58.871  [http-nio-8080-exec-6] DEBUG o.s.s.access.vote.AffirmativeBased - Voter: org.springframework.security.web.access.expression.WebExpressionVoter@751af47f, returned: 1 
2020-09-04 12:21:58.871  [http-nio-8080-exec-6] DEBUG o.s.s.w.a.i.FilterSecurityInterceptor - Authorization successful 
2020-09-04 12:21:58.871  [http-nio-8080-exec-6] DEBUG o.s.s.w.a.i.FilterSecurityInterceptor - RunAsManager did not change Authentication object 
2020-09-04 12:21:58.871  [http-nio-8080-exec-6] DEBUG o.s.security.web.FilterChainProxy - /smartCarLogin reached end of additional filter chain; proceeding with original chain 
2020-09-04 12:21:58.872  [http-nio-8080-exec-6] DEBUG o.s.web.servlet.DispatcherServlet - GET "/smartCarLogin", parameters={} 
2020-09-04 12:21:58.872  [http-nio-8080-exec-6] DEBUG s.d.s.w.PropertySourcedRequestMappingHandlerMapping - looking up handler for path: /smartCarLogin 
2020-09-04 12:21:58.872  [http-nio-8080-exec-6] DEBUG o.s.w.s.m.m.a.RequestMappingHandlerMapping - Mapped to com.sm.client.mvc.auth.SmartCarAuthController#login(HttpServletRequest, HttpServletResponse) 
2020-09-04 12:21:58.872  [http-nio-8080-exec-6] DEBUG o.s.o.j.s.OpenEntityManagerInViewInterceptor - Opening JPA EntityManager in OpenEntityManagerInViewInterceptor 
2020-09-04 12:21:58.872  [http-nio-8080-exec-6] INFO  c.s.c.m.auth.SmartCarAuthController - ----------------------call /login ------------------- 
2020-09-04 12:21:58.876  [http-nio-8080-exec-6] DEBUG o.s.w.s.m.m.a.RequestResponseBodyMethodProcessor - Using 'application/json;q=0.8', given [text/html, application/xhtml+xml, image/avif, image/webp, image/apng, application/xml;q=0.9, application/signed-exchange;v=b3;q=0.9, */*;q=0.8] and supported [application/json] 
2020-09-04 12:21:58.876  [http-nio-8080-exec-6] DEBUG o.s.w.s.m.m.a.RequestResponseBodyMethodProcessor - Writing ["ok"] 
2020-09-04 12:21:58.876  [http-nio-8080-exec-6] DEBUG o.s.s.w.h.writers.HstsHeaderWriter - Not injecting HSTS header since it did not match the requestMatcher org.springframework.security.web.header.writers.HstsHeaderWriter$SecureRequestMatcher@35db489e 
2020-09-04 12:21:58.877  [http-nio-8080-exec-6] DEBUG o.s.o.j.s.OpenEntityManagerInViewInterceptor - Closing JPA EntityManager in OpenEntityManagerInViewInterceptor 
2020-09-04 12:21:58.877  [http-nio-8080-exec-6] DEBUG o.s.web.servlet.DispatcherServlet - Completed 301 MOVED_PERMANENTLY 
2020-09-04 12:21:58.902  [http-nio-8080-exec-6] DEBUG o.s.s.w.a.ExceptionTranslationFilter - Chain processed normally 
2020-09-04 12:21:58.902  [http-nio-8080-exec-6] DEBUG o.s.s.w.c.SecurityContextPersistenceFilter - SecurityContextHolder now cleared, as request processing completed 
2020-09-04 12:24:07.284  [http-nio-8080-exec-3] DEBUG o.s.security.web.FilterChainProxy - /smartCarLogin at position 1 of 12 in additional filter chain; firing Filter: 'WebAsyncManagerIntegrationFilter' 
2020-09-04 12:24:07.284  [http-nio-8080-exec-3] DEBUG o.s.security.web.FilterChainProxy - /smartCarLogin at position 2 of 12 in additional filter chain; firing Filter: 'SecurityContextPersistenceFilter' 
2020-09-04 12:24:07.284  [http-nio-8080-exec-3] DEBUG o.s.security.web.FilterChainProxy - /smartCarLogin at position 3 of 12 in additional filter chain; firing Filter: 'HeaderWriterFilter' 
2020-09-04 12:24:07.284  [http-nio-8080-exec-3] DEBUG o.s.security.web.FilterChainProxy - /smartCarLogin at position 4 of 12 in additional filter chain; firing Filter: 'CorsFilter' 
2020-09-04 12:24:07.284  [http-nio-8080-exec-3] DEBUG o.s.security.web.FilterChainProxy - /smartCarLogin at position 5 of 12 in additional filter chain; firing Filter: 'LogoutFilter' 
2020-09-04 12:24:07.284  [http-nio-8080-exec-3] DEBUG o.s.s.w.u.matcher.OrRequestMatcher - Trying to match using Ant [pattern='/logout', GET] 
2020-09-04 12:24:07.284  [http-nio-8080-exec-3] DEBUG o.s.s.w.u.m.AntPathRequestMatcher - Checking match of request : '/smartCarLogin'; against '/logout' 
2020-09-04 12:24:07.284  [http-nio-8080-exec-3] DEBUG o.s.s.w.u.matcher.OrRequestMatcher - Trying to match using Ant [pattern='/logout', POST] 
2020-09-04 12:24:07.284  [http-nio-8080-exec-3] DEBUG o.s.s.w.u.m.AntPathRequestMatcher - Request 'GET /smartCarLogin' doesn't match 'POST /logout' 
2020-09-04 12:24:07.284  [http-nio-8080-exec-3] DEBUG o.s.s.w.u.matcher.OrRequestMatcher - Trying to match using Ant [pattern='/logout', PUT] 
2020-09-04 12:24:07.284  [http-nio-8080-exec-3] DEBUG o.s.s.w.u.m.AntPathRequestMatcher - Request 'GET /smartCarLogin' doesn't match 'PUT /logout' 
2020-09-04 12:24:07.284  [http-nio-8080-exec-3] DEBUG o.s.s.w.u.matcher.OrRequestMatcher - Trying to match using Ant [pattern='/logout', DELETE] 
2020-09-04 12:24:07.284  [http-nio-8080-exec-3] DEBUG o.s.s.w.u.m.AntPathRequestMatcher - Request 'GET /smartCarLogin' doesn't match 'DELETE /logout' 
2020-09-04 12:24:07.284  [http-nio-8080-exec-3] DEBUG o.s.s.w.u.matcher.OrRequestMatcher - No matches found 
2020-09-04 12:24:07.284  [http-nio-8080-exec-3] DEBUG o.s.security.web.FilterChainProxy - /smartCarLogin at position 6 of 12 in additional filter chain; firing Filter: 'JwtAuthFilter' 
2020-09-04 12:24:07.284  [http-nio-8080-exec-3] WARN  com.sm.client.conf.JwtAuthFilter - JWT Token does not begin with Bearer String 
2020-09-04 12:24:07.284  [http-nio-8080-exec-3] DEBUG o.s.security.web.FilterChainProxy - /smartCarLogin at position 7 of 12 in additional filter chain; firing Filter: 'RequestCacheAwareFilter' 
2020-09-04 12:24:07.284  [http-nio-8080-exec-3] DEBUG o.s.security.web.FilterChainProxy - /smartCarLogin at position 8 of 12 in additional filter chain; firing Filter: 'SecurityContextHolderAwareRequestFilter' 
2020-09-04 12:24:07.284  [http-nio-8080-exec-3] DEBUG o.s.security.web.FilterChainProxy - /smartCarLogin at position 9 of 12 in additional filter chain; firing Filter: 'AnonymousAuthenticationFilter' 
2020-09-04 12:24:07.285  [http-nio-8080-exec-3] DEBUG o.s.s.w.a.AnonymousAuthenticationFilter - Populated SecurityContextHolder with anonymous token: 'org.springframework.security.authentication.AnonymousAuthenticationToken@609005ed: Principal: anonymousUser; Credentials: [PROTECTED]; Authenticated: true; Details: org.springframework.security.web.authentication.WebAuthenticationDetails@b364: RemoteIpAddress: 0:0:0:0:0:0:0:1; SessionId: null; Granted Authorities: ROLE_ANONYMOUS' 
2020-09-04 12:24:07.285  [http-nio-8080-exec-3] DEBUG o.s.security.web.FilterChainProxy - /smartCarLogin at position 10 of 12 in additional filter chain; firing Filter: 'SessionManagementFilter' 
2020-09-04 12:24:07.285  [http-nio-8080-exec-3] DEBUG o.s.security.web.FilterChainProxy - /smartCarLogin at position 11 of 12 in additional filter chain; firing Filter: 'ExceptionTranslationFilter' 
2020-09-04 12:24:07.285  [http-nio-8080-exec-3] DEBUG o.s.security.web.FilterChainProxy - /smartCarLogin at position 12 of 12 in additional filter chain; firing Filter: 'FilterSecurityInterceptor' 
2020-09-04 12:24:07.285  [http-nio-8080-exec-3] DEBUG o.s.s.w.u.m.AntPathRequestMatcher - Checking match of request : '/smartCarLogin'; against '/v2/api-docs' 
2020-09-04 12:24:07.285  [http-nio-8080-exec-3] DEBUG o.s.s.w.u.m.AntPathRequestMatcher - Checking match of request : '/smartCarLogin'; against '/configuration/ui' 
2020-09-04 12:24:07.285  [http-nio-8080-exec-3] DEBUG o.s.s.w.u.m.AntPathRequestMatcher - Checking match of request : '/smartCarLogin'; against '/swagger-resources/**' 
2020-09-04 12:24:07.285  [http-nio-8080-exec-3] DEBUG o.s.s.w.u.m.AntPathRequestMatcher - Checking match of request : '/smartCarLogin'; against '/configuration/security' 
2020-09-04 12:24:07.285  [http-nio-8080-exec-3] DEBUG o.s.s.w.u.m.AntPathRequestMatcher - Checking match of request : '/smartCarLogin'; against '/swagger-ui.html' 
2020-09-04 12:24:07.285  [http-nio-8080-exec-3] DEBUG o.s.s.w.u.m.AntPathRequestMatcher - Checking match of request : '/smartCarLogin'; against '/webjars/**' 
2020-09-04 12:24:07.285  [http-nio-8080-exec-3] DEBUG o.s.s.w.u.m.AntPathRequestMatcher - Checking match of request : '/smartCarLogin'; against '/smartCarToken' 
2020-09-04 12:24:07.285  [http-nio-8080-exec-3] DEBUG o.s.s.w.u.m.AntPathRequestMatcher - Checking match of request : '/smartCarLogin'; against '/signup' 
2020-09-04 12:24:07.285  [http-nio-8080-exec-3] DEBUG o.s.s.w.u.m.AntPathRequestMatcher - Checking match of request : '/smartCarLogin'; against '/authenticate' 
2020-09-04 12:24:07.285  [http-nio-8080-exec-3] DEBUG o.s.s.w.u.m.AntPathRequestMatcher - Checking match of request : '/smartCarLogin'; against '/smartCarLogin' 
2020-09-04 12:24:07.285  [http-nio-8080-exec-3] DEBUG o.s.s.w.a.i.FilterSecurityInterceptor - Secure object: FilterInvocation: URL: /smartCarLogin; Attributes: [permitAll] 
2020-09-04 12:24:07.286  [http-nio-8080-exec-3] DEBUG o.s.s.w.a.i.FilterSecurityInterceptor - Previously Authenticated: org.springframework.security.authentication.AnonymousAuthenticationToken@609005ed: Principal: anonymousUser; Credentials: [PROTECTED]; Authenticated: true; Details: org.springframework.security.web.authentication.WebAuthenticationDetails@b364: RemoteIpAddress: 0:0:0:0:0:0:0:1; SessionId: null; Granted Authorities: ROLE_ANONYMOUS 
2020-09-04 12:24:07.286  [http-nio-8080-exec-3] DEBUG o.s.s.access.vote.AffirmativeBased - Voter: org.springframework.security.web.access.expression.WebExpressionVoter@751af47f, returned: 1 
2020-09-04 12:24:07.286  [http-nio-8080-exec-3] DEBUG o.s.s.w.a.i.FilterSecurityInterceptor - Authorization successful 
2020-09-04 12:24:07.286  [http-nio-8080-exec-3] DEBUG o.s.s.w.a.i.FilterSecurityInterceptor - RunAsManager did not change Authentication object 
2020-09-04 12:24:07.286  [http-nio-8080-exec-3] DEBUG o.s.security.web.FilterChainProxy - /smartCarLogin reached end of additional filter chain; proceeding with original chain 
2020-09-04 12:24:07.286  [http-nio-8080-exec-3] DEBUG o.s.web.servlet.DispatcherServlet - GET "/smartCarLogin", parameters={} 
2020-09-04 12:24:07.286  [http-nio-8080-exec-3] DEBUG s.d.s.w.PropertySourcedRequestMappingHandlerMapping - looking up handler for path: /smartCarLogin 
2020-09-04 12:24:07.289  [http-nio-8080-exec-3] DEBUG o.s.w.s.m.m.a.RequestMappingHandlerMapping - Mapped to com.sm.client.mvc.auth.SmartCarAuthController#login(HttpServletRequest, HttpServletResponse) 
2020-09-04 12:24:07.290  [http-nio-8080-exec-3] DEBUG o.s.o.j.s.OpenEntityManagerInViewInterceptor - Opening JPA EntityManager in OpenEntityManagerInViewInterceptor 
2020-09-04 12:24:07.291  [http-nio-8080-exec-3] INFO  c.s.c.m.auth.SmartCarAuthController - ----------------------call /login ------------------- 
2020-09-04 12:24:07.294  [http-nio-8080-exec-3] DEBUG o.s.w.s.m.m.a.RequestResponseBodyMethodProcessor - Using 'application/json;q=0.8', given [text/html, application/xhtml+xml, image/avif, image/webp, image/apng, application/xml;q=0.9, application/signed-exchange;v=b3;q=0.9, */*;q=0.8] and supported [application/json] 
2020-09-04 12:24:07.295  [http-nio-8080-exec-3] DEBUG o.s.w.s.m.m.a.RequestResponseBodyMethodProcessor - Writing ["ok"] 
2020-09-04 12:24:07.297  [http-nio-8080-exec-3] DEBUG o.s.s.w.h.writers.HstsHeaderWriter - Not injecting HSTS header since it did not match the requestMatcher org.springframework.security.web.header.writers.HstsHeaderWriter$SecureRequestMatcher@35db489e 
2020-09-04 12:24:07.297  [http-nio-8080-exec-3] DEBUG o.s.o.j.s.OpenEntityManagerInViewInterceptor - Closing JPA EntityManager in OpenEntityManagerInViewInterceptor 
2020-09-04 12:24:07.297  [http-nio-8080-exec-3] DEBUG o.s.web.servlet.DispatcherServlet - Completed 301 MOVED_PERMANENTLY 
2020-09-04 12:24:07.328  [http-nio-8080-exec-3] DEBUG o.s.s.w.a.ExceptionTranslationFilter - Chain processed normally 
2020-09-04 12:24:07.328  [http-nio-8080-exec-3] DEBUG o.s.s.w.c.SecurityContextPersistenceFilter - SecurityContextHolder now cleared, as request processing completed 
